I, [2013-06-07T11:56:43.044751 #2980]  INFO -- Kitchen: -----> Starting Kitchen
I, [2013-06-07T11:56:43.331125 #2980]  INFO -- Kitchen: -----> Cleaning up any prior instances of <default-ubuntu-1204>
I, [2013-06-07T11:56:43.331331 #2980]  INFO -- Kitchen: -----> Destroying <default-ubuntu-1204>
I, [2013-06-07T11:56:43.332412 #2980]  INFO -- Kitchen: -----> Testing <default-ubuntu-1204>
I, [2013-06-07T11:56:43.332514 #2980]  INFO -- Kitchen: -----> Creating <default-ubuntu-1204>
I, [2013-06-07T11:57:17.209243 #2980]  INFO -- Kitchen: -----> Converging <default-ubuntu-1204>
I, [2013-06-07T11:59:54.047983 #2980]  INFO -- Kitchen: -----> Setting up <default-ubuntu-1204>
I, [2013-06-07T11:59:54.052204 #2980]  INFO -- Kitchen: -----> Verifying <default-ubuntu-1204>
I, [2013-06-07T11:59:54.053325 #2980]  INFO -- Kitchen: -----> Destroying <default-ubuntu-1204>
I, [2013-06-07T11:59:55.348846 #2980]  INFO -- Kitchen: -----> Cleaning up any prior instances of <default-centos-64>
I, [2013-06-07T11:59:55.349334 #2980]  INFO -- Kitchen: -----> Destroying <default-centos-64>
I, [2013-06-07T11:59:55.350932 #2980]  INFO -- Kitchen: -----> Testing <default-centos-64>
I, [2013-06-07T11:59:55.351411 #2980]  INFO -- Kitchen: -----> Creating <default-centos-64>
I, [2013-06-07T12:00:34.909965 #2980]  INFO -- Kitchen: -----> Converging <default-centos-64>
I, [2013-06-07T12:03:12.946979 #2980]  INFO -- Kitchen: -----> Setting up <default-centos-64>
I, [2013-06-07T12:03:12.950151 #2980]  INFO -- Kitchen: -----> Verifying <default-centos-64>
I, [2013-06-07T12:03:12.952236 #2980]  INFO -- Kitchen: -----> Destroying <default-centos-64>
I, [2013-06-07T12:03:14.160506 #2980]  INFO -- Kitchen: -----> Cleaning up any prior instances of <mod-auth-basic-ubuntu-1204>
I, [2013-06-07T12:03:14.161023 #2980]  INFO -- Kitchen: -----> Destroying <mod-auth-basic-ubuntu-1204>
I, [2013-06-07T12:03:14.162292 #2980]  INFO -- Kitchen: -----> Testing <mod-auth-basic-ubuntu-1204>
I, [2013-06-07T12:03:14.162641 #2980]  INFO -- Kitchen: -----> Creating <mod-auth-basic-ubuntu-1204>
I, [2013-06-07T12:03:50.107099 #2980]  INFO -- Kitchen: -----> Converging <mod-auth-basic-ubuntu-1204>
I, [2013-06-07T12:06:31.441397 #2980]  INFO -- Kitchen: -----> Setting up <mod-auth-basic-ubuntu-1204>
I, [2013-06-07T12:06:31.444372 #2980]  INFO -- Kitchen: -----> Verifying <mod-auth-basic-ubuntu-1204>
I, [2013-06-07T12:06:31.447584 #2980]  INFO -- Kitchen: -----> Destroying <mod-auth-basic-ubuntu-1204>
I, [2013-06-07T12:06:32.633510 #2980]  INFO -- Kitchen: -----> Cleaning up any prior instances of <mod-auth-basic-centos-64>
I, [2013-06-07T12:06:32.634026 #2980]  INFO -- Kitchen: -----> Destroying <mod-auth-basic-centos-64>
I, [2013-06-07T12:06:32.635241 #2980]  INFO -- Kitchen: -----> Testing <mod-auth-basic-centos-64>
I, [2013-06-07T12:06:32.635542 #2980]  INFO -- Kitchen: -----> Creating <mod-auth-basic-centos-64>
I, [2013-06-07T12:09:24.611559 #2980]  INFO -- Kitchen: -----> Converging <mod-auth-basic-centos-64>
I, [2013-06-07T12:11:59.029369 #2980]  INFO -- Kitchen: -----> Setting up <mod-auth-basic-centos-64>
I, [2013-06-07T12:11:59.032518 #2980]  INFO -- Kitchen: -----> Verifying <mod-auth-basic-centos-64>
I, [2013-06-07T12:11:59.035859 #2980]  INFO -- Kitchen: -----> Destroying <mod-auth-basic-centos-64>
I, [2013-06-07T12:12:01.017679 #2980]  INFO -- Kitchen: -----> Cleaning up any prior instances of <mod-auth-digest-ubuntu-1204>
I, [2013-06-07T12:12:01.018252 #2980]  INFO -- Kitchen: -----> Destroying <mod-auth-digest-ubuntu-1204>
I, [2013-06-07T12:12:01.019469 #2980]  INFO -- Kitchen: -----> Testing <mod-auth-digest-ubuntu-1204>
I, [2013-06-07T12:12:01.019841 #2980]  INFO -- Kitchen: -----> Creating <mod-auth-digest-ubuntu-1204>
I, [2013-06-07T12:12:38.873351 #2980]  INFO -- Kitchen: -----> Converging <mod-auth-digest-ubuntu-1204>
I, [2013-06-07T12:15:19.470870 #2980]  INFO -- Kitchen: -----> Setting up <mod-auth-digest-ubuntu-1204>
I, [2013-06-07T12:15:19.473948 #2980]  INFO -- Kitchen: -----> Verifying <mod-auth-digest-ubuntu-1204>
I, [2013-06-07T12:15:19.477210 #2980]  INFO -- Kitchen: -----> Destroying <mod-auth-digest-ubuntu-1204>
I, [2013-06-07T12:15:21.217181 #2980]  INFO -- Kitchen: -----> Cleaning up any prior instances of <mod-auth-digest-centos-64>
I, [2013-06-07T12:15:21.217342 #2980]  INFO -- Kitchen: -----> Destroying <mod-auth-digest-centos-64>
I, [2013-06-07T12:15:21.217797 #2980]  INFO -- Kitchen: -----> Testing <mod-auth-digest-centos-64>
I, [2013-06-07T12:15:21.217908 #2980]  INFO -- Kitchen: -----> Creating <mod-auth-digest-centos-64>
I, [2013-06-07T12:16:06.685820 #2980]  INFO -- Kitchen: -----> Converging <mod-auth-digest-centos-64>
I, [2013-06-07T12:18:36.874447 #2980]  INFO -- Kitchen: -----> Setting up <mod-auth-digest-centos-64>
I, [2013-06-07T12:18:36.877418 #2980]  INFO -- Kitchen: -----> Verifying <mod-auth-digest-centos-64>
I, [2013-06-07T12:18:36.880586 #2980]  INFO -- Kitchen: -----> Destroying <mod-auth-digest-centos-64>
I, [2013-06-07T12:18:38.533966 #2980]  INFO -- Kitchen: -----> Cleaning up any prior instances of <mod-auth-openid-ubuntu-1204>
I, [2013-06-07T12:18:38.534405 #2980]  INFO -- Kitchen: -----> Destroying <mod-auth-openid-ubuntu-1204>
I, [2013-06-07T12:18:38.535594 #2980]  INFO -- Kitchen: -----> Testing <mod-auth-openid-ubuntu-1204>
I, [2013-06-07T12:18:38.535923 #2980]  INFO -- Kitchen: -----> Creating <mod-auth-openid-ubuntu-1204>
I, [2013-06-07T12:19:13.674189 #2980]  INFO -- Kitchen: -----> Converging <mod-auth-openid-ubuntu-1204>
I, [2013-06-07T12:24:11.434470 #2980]  INFO -- Kitchen: -----> Setting up <mod-auth-openid-ubuntu-1204>
I, [2013-06-07T12:24:11.437520 #2980]  INFO -- Kitchen: -----> Verifying <mod-auth-openid-ubuntu-1204>
I, [2013-06-07T12:24:11.441455 #2980]  INFO -- Kitchen: -----> Destroying <mod-auth-openid-ubuntu-1204>
I, [2013-06-07T12:24:12.680127 #2980]  INFO -- Kitchen: -----> Cleaning up any prior instances of <mod-auth-openid-centos-64>
I, [2013-06-07T12:24:12.680596 #2980]  INFO -- Kitchen: -----> Destroying <mod-auth-openid-centos-64>
I, [2013-06-07T12:24:12.681911 #2980]  INFO -- Kitchen: -----> Testing <mod-auth-openid-centos-64>
I, [2013-06-07T12:24:12.682255 #2980]  INFO -- Kitchen: -----> Creating <mod-auth-openid-centos-64>
I, [2013-06-07T12:25:04.926127 #2980]  INFO -- Kitchen: -----> Converging <mod-auth-openid-centos-64>
I, [2013-06-07T12:30:26.316331 #2980]  INFO -- Kitchen: -----> Setting up <mod-auth-openid-centos-64>
I, [2013-06-07T12:30:26.319602 #2980]  INFO -- Kitchen: -----> Verifying <mod-auth-openid-centos-64>
I, [2013-06-07T12:30:26.322160 #2980]  INFO -- Kitchen: -----> Destroying <mod-auth-openid-centos-64>
I, [2013-06-07T12:30:27.536567 #2980]  INFO -- Kitchen: -----> Cleaning up any prior instances of <mod-authnz-ubuntu-1204>
I, [2013-06-07T12:30:27.537091 #2980]  INFO -- Kitchen: -----> Destroying <mod-authnz-ubuntu-1204>
I, [2013-06-07T12:30:27.538518 #2980]  INFO -- Kitchen: -----> Testing <mod-authnz-ubuntu-1204>
I, [2013-06-07T12:30:27.538946 #2980]  INFO -- Kitchen: -----> Creating <mod-authnz-ubuntu-1204>
I, [2013-06-07T12:31:34.813675 #2980]  INFO -- Kitchen: -----> Converging <mod-authnz-ubuntu-1204>
E, [2013-06-07T12:34:48.596410 #2980] ERROR -- Kitchen: Converge failed on instance <mod-authnz-ubuntu-1204>.
I, [2013-06-07T12:36:22.399764 #3909]  INFO -- Kitchen: -----> Starting Kitchen
E, [2013-06-07T12:36:22.704961 #3909] ERROR -- Kitchen: 
No instances for regex `mod_authnz_ldap', try running `kitchen list'


I, [2013-06-07T12:36:44.858808 #3918]  INFO -- Kitchen: -----> Starting Kitchen
I, [2013-06-07T12:36:45.153624 #3918]  INFO -- Kitchen: -----> Cleaning up any prior instances of <mod-authnz-ldap-ubuntu-1204>
I, [2013-06-07T12:36:45.153839 #3918]  INFO -- Kitchen: -----> Destroying <mod-authnz-ldap-ubuntu-1204>
I, [2013-06-07T12:36:45.154910 #3918]  INFO -- Kitchen: -----> Testing <mod-authnz-ldap-ubuntu-1204>
I, [2013-06-07T12:36:45.155015 #3918]  INFO -- Kitchen: -----> Creating <mod-authnz-ldap-ubuntu-1204>
E, [2013-06-07T12:40:02.590769 #3918] ERROR -- Kitchen: ------Exception-------
E, [2013-06-07T12:40:02.590896 #3918] ERROR -- Kitchen: Class: Kitchen::ActionFailed
E, [2013-06-07T12:40:02.590982 #3918] ERROR -- Kitchen: Message: Failed to complete #create action: [exit]
E, [2013-06-07T12:40:02.591080 #3918] ERROR -- Kitchen: ---Nested Exception---
E, [2013-06-07T12:40:02.591161 #3918] ERROR -- Kitchen: Class: SystemExit
E, [2013-06-07T12:40:02.591239 #3918] ERROR -- Kitchen: Message: exit
E, [2013-06-07T12:40:02.591316 #3918] ERROR -- Kitchen: ------Backtrace-------
E, [2013-06-07T12:40:02.591393 #3918] ERROR -- Kitchen: /home/tcate/.gem/ruby/1.9.1/gems/test-kitchen-1.0.0.alpha.6/lib/kitchen/instance.rb:273:in `action'
E, [2013-06-07T12:40:02.591471 #3918] ERROR -- Kitchen: /home/tcate/.gem/ruby/1.9.1/gems/test-kitchen-1.0.0.alpha.6/lib/kitchen/instance.rb:249:in `perform_action'
E, [2013-06-07T12:40:02.591549 #3918] ERROR -- Kitchen: /home/tcate/.gem/ruby/1.9.1/gems/test-kitchen-1.0.0.alpha.6/lib/kitchen/instance.rb:228:in `create_action'
E, [2013-06-07T12:40:02.591626 #3918] ERROR -- Kitchen: /home/tcate/.gem/ruby/1.9.1/gems/test-kitchen-1.0.0.alpha.6/lib/kitchen/instance.rb:222:in `block in transition_to'
E, [2013-06-07T12:40:02.591718 #3918] ERROR -- Kitchen: /home/tcate/.gem/ruby/1.9.1/gems/test-kitchen-1.0.0.alpha.6/lib/kitchen/instance.rb:221:in `each'
E, [2013-06-07T12:40:02.591806 #3918] ERROR -- Kitchen: /home/tcate/.gem/ruby/1.9.1/gems/test-kitchen-1.0.0.alpha.6/lib/kitchen/instance.rb:221:in `transition_to'
E, [2013-06-07T12:40:02.591884 #3918] ERROR -- Kitchen: /home/tcate/.gem/ruby/1.9.1/gems/test-kitchen-1.0.0.alpha.6/lib/kitchen/instance.rb:143:in `verify'
E, [2013-06-07T12:40:02.591961 #3918] ERROR -- Kitchen: /home/tcate/.gem/ruby/1.9.1/gems/test-kitchen-1.0.0.alpha.6/lib/kitchen/instance.rb:172:in `block in test'
E, [2013-06-07T12:40:02.592039 #3918] ERROR -- Kitchen: /usr/share/ruby/benchmark.rb:280:in `measure'
E, [2013-06-07T12:40:02.592116 #3918] ERROR -- Kitchen: /home/tcate/.gem/ruby/1.9.1/gems/test-kitchen-1.0.0.alpha.6/lib/kitchen/instance.rb:168:in `test'
E, [2013-06-07T12:40:02.592194 #3918] ERROR -- Kitchen: /home/tcate/.gem/ruby/1.9.1/gems/test-kitchen-1.0.0.alpha.6/lib/kitchen/cli.rb:258:in `public_send'
E, [2013-06-07T12:40:02.592272 #3918] ERROR -- Kitchen: /home/tcate/.gem/ruby/1.9.1/gems/test-kitchen-1.0.0.alpha.6/lib/kitchen/cli.rb:258:in `block in run_serial'
E, [2013-06-07T12:40:02.592350 #3918] ERROR -- Kitchen: /home/tcate/.gem/ruby/1.9.1/gems/test-kitchen-1.0.0.alpha.6/lib/kitchen/cli.rb:258:in `map'
E, [2013-06-07T12:40:02.592427 #3918] ERROR -- Kitchen: /home/tcate/.gem/ruby/1.9.1/gems/test-kitchen-1.0.0.alpha.6/lib/kitchen/cli.rb:258:in `run_serial'
E, [2013-06-07T12:40:02.592504 #3918] ERROR -- Kitchen: /home/tcate/.gem/ruby/1.9.1/gems/test-kitchen-1.0.0.alpha.6/lib/kitchen/cli.rb:113:in `block in test'
E, [2013-06-07T12:40:02.592583 #3918] ERROR -- Kitchen: /usr/share/ruby/benchmark.rb:280:in `measure'
E, [2013-06-07T12:40:02.592664 #3918] ERROR -- Kitchen: /home/tcate/.gem/ruby/1.9.1/gems/test-kitchen-1.0.0.alpha.6/lib/kitchen/cli.rb:104:in `test'
E, [2013-06-07T12:40:02.592762 #3918] ERROR -- Kitchen: /usr/local/share/gems/gems/thor-0.18.1/lib/thor/command.rb:27:in `run'
E, [2013-06-07T12:40:02.592842 #3918] ERROR -- Kitchen: /usr/local/share/gems/gems/thor-0.18.1/lib/thor/invocation.rb:120:in `invoke_command'
E, [2013-06-07T12:40:02.592919 #3918] ERROR -- Kitchen: /home/tcate/.gem/ruby/1.9.1/gems/test-kitchen-1.0.0.alpha.6/lib/kitchen/cli.rb:232:in `invoke_task'
E, [2013-06-07T12:40:02.592997 #3918] ERROR -- Kitchen: /usr/local/share/gems/gems/thor-0.18.1/lib/thor.rb:363:in `dispatch'
E, [2013-06-07T12:40:02.593074 #3918] ERROR -- Kitchen: /usr/local/share/gems/gems/thor-0.18.1/lib/thor/base.rb:439:in `start'
E, [2013-06-07T12:40:02.593150 #3918] ERROR -- Kitchen: /home/tcate/.gem/ruby/1.9.1/gems/test-kitchen-1.0.0.alpha.6/bin/kitchen:13:in `block in <top (required)>'
E, [2013-06-07T12:40:02.593228 #3918] ERROR -- Kitchen: /home/tcate/.gem/ruby/1.9.1/gems/test-kitchen-1.0.0.alpha.6/lib/kitchen/errors.rb:78:in `with_friendly_errors'
E, [2013-06-07T12:40:02.593306 #3918] ERROR -- Kitchen: /home/tcate/.gem/ruby/1.9.1/gems/test-kitchen-1.0.0.alpha.6/bin/kitchen:13:in `<top (required)>'
E, [2013-06-07T12:40:02.593399 #3918] ERROR -- Kitchen: /home/tcate/bin/kitchen:23:in `load'
E, [2013-06-07T12:40:02.593479 #3918] ERROR -- Kitchen: /home/tcate/bin/kitchen:23:in `<main>'
E, [2013-06-07T12:40:02.593556 #3918] ERROR -- Kitchen: ----------------------
I, [2013-06-07T12:40:03.832816 #4057]  INFO -- Kitchen: -----> Starting Kitchen
I, [2013-06-07T12:40:04.123631 #4057]  INFO -- Kitchen: -----> Cleaning up any prior instances of <mod-authnz-ldap-ubuntu-1204>
I, [2013-06-07T12:40:04.124003 #4057]  INFO -- Kitchen: -----> Destroying <mod-authnz-ldap-ubuntu-1204>
I, [2013-06-07T12:40:05.455975 #4057]  INFO -- Kitchen: -----> Testing <mod-authnz-ldap-ubuntu-1204>
I, [2013-06-07T12:40:05.456526 #4057]  INFO -- Kitchen: -----> Creating <mod-authnz-ldap-ubuntu-1204>
I, [2013-06-07T12:40:47.294129 #4057]  INFO -- Kitchen: -----> Converging <mod-authnz-ldap-ubuntu-1204>
E, [2013-06-07T12:44:05.355108 #4057] ERROR -- Kitchen: Converge failed on instance <mod-authnz-ldap-ubuntu-1204>.
I, [2013-06-07T12:50:14.609574 #4611]  INFO -- Kitchen: -----> Starting Kitchen
I, [2013-06-07T12:50:14.902741 #4611]  INFO -- Kitchen: -----> Cleaning up any prior instances of <mod-authnz-ldap-ubuntu-1204>
I, [2013-06-07T12:50:14.903147 #4611]  INFO -- Kitchen: -----> Destroying <mod-authnz-ldap-ubuntu-1204>
I, [2013-06-07T12:50:16.860765 #4611]  INFO -- Kitchen: -----> Testing <mod-authnz-ldap-ubuntu-1204>
I, [2013-06-07T12:50:16.861274 #4611]  INFO -- Kitchen: -----> Creating <mod-authnz-ldap-ubuntu-1204>
I, [2013-06-07T12:50:56.846534 #4611]  INFO -- Kitchen: -----> Converging <mod-authnz-ldap-ubuntu-1204>
I, [2013-06-07T12:54:00.255151 #4611]  INFO -- Kitchen: -----> Setting up <mod-authnz-ldap-ubuntu-1204>
I, [2013-06-07T12:54:00.258275 #4611]  INFO -- Kitchen: -----> Verifying <mod-authnz-ldap-ubuntu-1204>
I, [2013-06-07T12:54:00.261558 #4611]  INFO -- Kitchen: -----> Destroying <mod-authnz-ldap-ubuntu-1204>
I, [2013-06-07T12:54:02.077718 #4611]  INFO -- Kitchen: -----> Cleaning up any prior instances of <mod-authnz-ldap-centos-64>
I, [2013-06-07T12:54:02.077876 #4611]  INFO -- Kitchen: -----> Destroying <mod-authnz-ldap-centos-64>
I, [2013-06-07T12:54:02.078317 #4611]  INFO -- Kitchen: -----> Testing <mod-authnz-ldap-centos-64>
I, [2013-06-07T12:54:02.078400 #4611]  INFO -- Kitchen: -----> Creating <mod-authnz-ldap-centos-64>
I, [2013-06-07T12:54:42.085944 #4611]  INFO -- Kitchen: -----> Converging <mod-authnz-ldap-centos-64>
E, [2013-06-07T13:00:17.436835 #4611] ERROR -- Kitchen: ------Exception-------
E, [2013-06-07T13:00:17.436963 #4611] ERROR -- Kitchen: Class: Kitchen::ActionFailed
E, [2013-06-07T13:00:17.437049 #4611] ERROR -- Kitchen: Message: Failed to complete #converge action: [exit]
E, [2013-06-07T13:00:17.437130 #4611] ERROR -- Kitchen: ---Nested Exception---
E, [2013-06-07T13:00:17.437211 #4611] ERROR -- Kitchen: Class: SystemExit
E, [2013-06-07T13:00:17.437290 #4611] ERROR -- Kitchen: Message: exit
E, [2013-06-07T13:00:17.437370 #4611] ERROR -- Kitchen: ------Backtrace-------
E, [2013-06-07T13:00:17.437451 #4611] ERROR -- Kitchen: /home/tcate/.gem/ruby/1.9.1/gems/test-kitchen-1.0.0.alpha.6/lib/kitchen/instance.rb:273:in `action'
E, [2013-06-07T13:00:17.437530 #4611] ERROR -- Kitchen: /home/tcate/.gem/ruby/1.9.1/gems/test-kitchen-1.0.0.alpha.6/lib/kitchen/instance.rb:249:in `perform_action'
E, [2013-06-07T13:00:17.437611 #4611] ERROR -- Kitchen: /home/tcate/.gem/ruby/1.9.1/gems/test-kitchen-1.0.0.alpha.6/lib/kitchen/instance.rb:232:in `converge_action'
E, [2013-06-07T13:00:17.437690 #4611] ERROR -- Kitchen: /home/tcate/.gem/ruby/1.9.1/gems/test-kitchen-1.0.0.alpha.6/lib/kitchen/instance.rb:222:in `block in transition_to'
E, [2013-06-07T13:00:17.437796 #4611] ERROR -- Kitchen: /home/tcate/.gem/ruby/1.9.1/gems/test-kitchen-1.0.0.alpha.6/lib/kitchen/instance.rb:221:in `each'
E, [2013-06-07T13:00:17.437876 #4611] ERROR -- Kitchen: /home/tcate/.gem/ruby/1.9.1/gems/test-kitchen-1.0.0.alpha.6/lib/kitchen/instance.rb:221:in `transition_to'
E, [2013-06-07T13:00:17.437956 #4611] ERROR -- Kitchen: /home/tcate/.gem/ruby/1.9.1/gems/test-kitchen-1.0.0.alpha.6/lib/kitchen/instance.rb:143:in `verify'
E, [2013-06-07T13:00:17.438055 #4611] ERROR -- Kitchen: /home/tcate/.gem/ruby/1.9.1/gems/test-kitchen-1.0.0.alpha.6/lib/kitchen/instance.rb:172:in `block in test'
E, [2013-06-07T13:00:17.438138 #4611] ERROR -- Kitchen: /usr/share/ruby/benchmark.rb:280:in `measure'
E, [2013-06-07T13:00:17.438217 #4611] ERROR -- Kitchen: /home/tcate/.gem/ruby/1.9.1/gems/test-kitchen-1.0.0.alpha.6/lib/kitchen/instance.rb:168:in `test'
E, [2013-06-07T13:00:17.438296 #4611] ERROR -- Kitchen: /home/tcate/.gem/ruby/1.9.1/gems/test-kitchen-1.0.0.alpha.6/lib/kitchen/cli.rb:258:in `public_send'
E, [2013-06-07T13:00:17.438374 #4611] ERROR -- Kitchen: /home/tcate/.gem/ruby/1.9.1/gems/test-kitchen-1.0.0.alpha.6/lib/kitchen/cli.rb:258:in `block in run_serial'
E, [2013-06-07T13:00:17.438451 #4611] ERROR -- Kitchen: /home/tcate/.gem/ruby/1.9.1/gems/test-kitchen-1.0.0.alpha.6/lib/kitchen/cli.rb:258:in `map'
E, [2013-06-07T13:00:17.438529 #4611] ERROR -- Kitchen: /home/tcate/.gem/ruby/1.9.1/gems/test-kitchen-1.0.0.alpha.6/lib/kitchen/cli.rb:258:in `run_serial'
E, [2013-06-07T13:00:17.438814 #4611] ERROR -- Kitchen: /home/tcate/.gem/ruby/1.9.1/gems/test-kitchen-1.0.0.alpha.6/lib/kitchen/cli.rb:113:in `block in test'
E, [2013-06-07T13:00:17.438897 #4611] ERROR -- Kitchen: /usr/share/ruby/benchmark.rb:280:in `measure'
E, [2013-06-07T13:00:17.438977 #4611] ERROR -- Kitchen: /home/tcate/.gem/ruby/1.9.1/gems/test-kitchen-1.0.0.alpha.6/lib/kitchen/cli.rb:104:in `test'
E, [2013-06-07T13:00:17.439055 #4611] ERROR -- Kitchen: /usr/local/share/gems/gems/thor-0.18.1/lib/thor/command.rb:27:in `run'
E, [2013-06-07T13:00:17.439134 #4611] ERROR -- Kitchen: /usr/local/share/gems/gems/thor-0.18.1/lib/thor/invocation.rb:120:in `invoke_command'
E, [2013-06-07T13:00:17.439270 #4611] ERROR -- Kitchen: /home/tcate/.gem/ruby/1.9.1/gems/test-kitchen-1.0.0.alpha.6/lib/kitchen/cli.rb:232:in `invoke_task'
E, [2013-06-07T13:00:17.439364 #4611] ERROR -- Kitchen: /usr/local/share/gems/gems/thor-0.18.1/lib/thor.rb:363:in `dispatch'
E, [2013-06-07T13:00:17.439443 #4611] ERROR -- Kitchen: /usr/local/share/gems/gems/thor-0.18.1/lib/thor/base.rb:439:in `start'
E, [2013-06-07T13:00:17.439521 #4611] ERROR -- Kitchen: /home/tcate/.gem/ruby/1.9.1/gems/test-kitchen-1.0.0.alpha.6/bin/kitchen:13:in `block in <top (required)>'
E, [2013-06-07T13:00:17.439601 #4611] ERROR -- Kitchen: /home/tcate/.gem/ruby/1.9.1/gems/test-kitchen-1.0.0.alpha.6/lib/kitchen/errors.rb:78:in `with_friendly_errors'
E, [2013-06-07T13:00:17.439680 #4611] ERROR -- Kitchen: /home/tcate/.gem/ruby/1.9.1/gems/test-kitchen-1.0.0.alpha.6/bin/kitchen:13:in `<top (required)>'
E, [2013-06-07T13:00:17.439784 #4611] ERROR -- Kitchen: /home/tcate/bin/kitchen:23:in `load'
E, [2013-06-07T13:00:17.439868 #4611] ERROR -- Kitchen: /home/tcate/bin/kitchen:23:in `<main>'
E, [2013-06-07T13:00:17.439947 #4611] ERROR -- Kitchen: ----------------------
I, [2013-06-07T13:00:19.116514 #4863]  INFO -- Kitchen: -----> Starting Kitchen
I, [2013-06-07T13:00:19.430260 #4863]  INFO -- Kitchen: -----> Cleaning up any prior instances of <mod-authnz-ldap-ubuntu-1204>
I, [2013-06-07T13:00:19.430459 #4863]  INFO -- Kitchen: -----> Destroying <mod-authnz-ldap-ubuntu-1204>
I, [2013-06-07T13:00:19.431547 #4863]  INFO -- Kitchen: -----> Testing <mod-authnz-ldap-ubuntu-1204>
I, [2013-06-07T13:00:19.431654 #4863]  INFO -- Kitchen: -----> Creating <mod-authnz-ldap-ubuntu-1204>
I, [2013-06-07T13:01:24.257738 #4863]  INFO -- Kitchen: -----> Converging <mod-authnz-ldap-ubuntu-1204>
I, [2013-06-07T13:04:33.825588 #4863]  INFO -- Kitchen: -----> Setting up <mod-authnz-ldap-ubuntu-1204>
I, [2013-06-07T13:04:33.828840 #4863]  INFO -- Kitchen: -----> Verifying <mod-authnz-ldap-ubuntu-1204>
I, [2013-06-07T13:04:33.831892 #4863]  INFO -- Kitchen: -----> Destroying <mod-authnz-ldap-ubuntu-1204>
I, [2013-06-07T13:04:35.023016 #4863]  INFO -- Kitchen: -----> Cleaning up any prior instances of <mod-authnz-ldap-centos-64>
I, [2013-06-07T13:04:35.024099 #4863]  INFO -- Kitchen: -----> Destroying <mod-authnz-ldap-centos-64>
I, [2013-06-07T13:04:36.185027 #4863]  INFO -- Kitchen: -----> Testing <mod-authnz-ldap-centos-64>
I, [2013-06-07T13:04:36.185443 #4863]  INFO -- Kitchen: -----> Creating <mod-authnz-ldap-centos-64>
I, [2013-06-07T13:05:25.971498 #4863]  INFO -- Kitchen: -----> Converging <mod-authnz-ldap-centos-64>
E, [2013-06-07T13:08:08.437325 #4863] ERROR -- Kitchen: Converge failed on instance <mod-authnz-ldap-centos-64>.
I, [2013-06-07T13:14:47.016141 #5214]  INFO -- Kitchen: -----> Starting Kitchen
I, [2013-06-07T13:14:47.299609 #5214]  INFO -- Kitchen: -----> Cleaning up any prior instances of <default-ubuntu-1204>
I, [2013-06-07T13:14:47.299822 #5214]  INFO -- Kitchen: -----> Destroying <default-ubuntu-1204>
I, [2013-06-07T13:14:47.300894 #5214]  INFO -- Kitchen: -----> Testing <default-ubuntu-1204>
I, [2013-06-07T13:14:47.300997 #5214]  INFO -- Kitchen: -----> Creating <default-ubuntu-1204>
I, [2013-06-07T13:15:55.874208 #5214]  INFO -- Kitchen: -----> Converging <default-ubuntu-1204>
I, [2013-06-07T13:18:21.090321 #5214]  INFO -- Kitchen: -----> Setting up <default-ubuntu-1204>
I, [2013-06-07T13:18:21.092267 #5214]  INFO -- Kitchen: -----> Verifying <default-ubuntu-1204>
I, [2013-06-07T13:18:21.094116 #5214]  INFO -- Kitchen: -----> Destroying <default-ubuntu-1204>
I, [2013-06-07T13:18:22.209308 #5214]  INFO -- Kitchen: -----> Cleaning up any prior instances of <default-centos-64>
I, [2013-06-07T13:18:22.209758 #5214]  INFO -- Kitchen: -----> Destroying <default-centos-64>
I, [2013-06-07T13:18:22.211064 #5214]  INFO -- Kitchen: -----> Testing <default-centos-64>
I, [2013-06-07T13:18:22.211362 #5214]  INFO -- Kitchen: -----> Creating <default-centos-64>
I, [2013-06-07T13:19:16.274229 #5214]  INFO -- Kitchen: -----> Converging <default-centos-64>
I, [2013-06-07T13:21:36.673094 #5214]  INFO -- Kitchen: -----> Setting up <default-centos-64>
I, [2013-06-07T13:21:36.676056 #5214]  INFO -- Kitchen: -----> Verifying <default-centos-64>
I, [2013-06-07T13:21:36.679549 #5214]  INFO -- Kitchen: -----> Destroying <default-centos-64>
I, [2013-06-07T13:21:38.139872 #5214]  INFO -- Kitchen: -----> Cleaning up any prior instances of <mod-auth-basic-ubuntu-1204>
I, [2013-06-07T13:21:38.140287 #5214]  INFO -- Kitchen: -----> Destroying <mod-auth-basic-ubuntu-1204>
I, [2013-06-07T13:21:38.141488 #5214]  INFO -- Kitchen: -----> Testing <mod-auth-basic-ubuntu-1204>
I, [2013-06-07T13:21:38.141854 #5214]  INFO -- Kitchen: -----> Creating <mod-auth-basic-ubuntu-1204>
I, [2013-06-07T13:22:35.628148 #5214]  INFO -- Kitchen: -----> Converging <mod-auth-basic-ubuntu-1204>
I, [2013-06-07T13:25:02.555949 #5214]  INFO -- Kitchen: -----> Setting up <mod-auth-basic-ubuntu-1204>
I, [2013-06-07T13:25:02.558978 #5214]  INFO -- Kitchen: -----> Verifying <mod-auth-basic-ubuntu-1204>
I, [2013-06-07T13:25:02.562417 #5214]  INFO -- Kitchen: -----> Destroying <mod-auth-basic-ubuntu-1204>
I, [2013-06-07T13:25:03.718368 #5214]  INFO -- Kitchen: -----> Cleaning up any prior instances of <mod-auth-basic-centos-64>
I, [2013-06-07T13:25:03.719113 #5214]  INFO -- Kitchen: -----> Destroying <mod-auth-basic-centos-64>
I, [2013-06-07T13:25:03.721485 #5214]  INFO -- Kitchen: -----> Testing <mod-auth-basic-centos-64>
I, [2013-06-07T13:25:03.721971 #5214]  INFO -- Kitchen: -----> Creating <mod-auth-basic-centos-64>
I, [2013-06-07T13:26:14.338062 #5214]  INFO -- Kitchen: -----> Converging <mod-auth-basic-centos-64>
I, [2013-06-07T13:28:29.614106 #5214]  INFO -- Kitchen: -----> Setting up <mod-auth-basic-centos-64>
I, [2013-06-07T13:28:29.616910 #5214]  INFO -- Kitchen: -----> Verifying <mod-auth-basic-centos-64>
I, [2013-06-07T13:28:29.620857 #5214]  INFO -- Kitchen: -----> Destroying <mod-auth-basic-centos-64>
I, [2013-06-07T13:28:30.819087 #5214]  INFO -- Kitchen: -----> Cleaning up any prior instances of <mod-auth-digest-ubuntu-1204>
I, [2013-06-07T13:28:30.819482 #5214]  INFO -- Kitchen: -----> Destroying <mod-auth-digest-ubuntu-1204>
I, [2013-06-07T13:28:30.820682 #5214]  INFO -- Kitchen: -----> Testing <mod-auth-digest-ubuntu-1204>
I, [2013-06-07T13:28:30.821044 #5214]  INFO -- Kitchen: -----> Creating <mod-auth-digest-ubuntu-1204>
I, [2013-06-07T13:29:23.946155 #5214]  INFO -- Kitchen: -----> Converging <mod-auth-digest-ubuntu-1204>
I, [2013-06-07T13:31:47.831405 #5214]  INFO -- Kitchen: -----> Setting up <mod-auth-digest-ubuntu-1204>
I, [2013-06-07T13:31:47.834678 #5214]  INFO -- Kitchen: -----> Verifying <mod-auth-digest-ubuntu-1204>
I, [2013-06-07T13:31:47.837820 #5214]  INFO -- Kitchen: -----> Destroying <mod-auth-digest-ubuntu-1204>
I, [2013-06-07T13:31:49.035037 #5214]  INFO -- Kitchen: -----> Cleaning up any prior instances of <mod-auth-digest-centos-64>
I, [2013-06-07T13:31:49.035480 #5214]  INFO -- Kitchen: -----> Destroying <mod-auth-digest-centos-64>
I, [2013-06-07T13:31:49.036815 #5214]  INFO -- Kitchen: -----> Testing <mod-auth-digest-centos-64>
I, [2013-06-07T13:31:49.037183 #5214]  INFO -- Kitchen: -----> Creating <mod-auth-digest-centos-64>
I, [2013-06-07T13:33:29.163116 #5214]  INFO -- Kitchen: -----> Converging <mod-auth-digest-centos-64>
I, [2013-06-07T13:35:40.761519 #5214]  INFO -- Kitchen: -----> Setting up <mod-auth-digest-centos-64>
I, [2013-06-07T13:35:40.764696 #5214]  INFO -- Kitchen: -----> Verifying <mod-auth-digest-centos-64>
I, [2013-06-07T13:35:40.767956 #5214]  INFO -- Kitchen: -----> Destroying <mod-auth-digest-centos-64>
I, [2013-06-07T13:35:42.015317 #5214]  INFO -- Kitchen: -----> Cleaning up any prior instances of <mod-auth-openid-ubuntu-1204>
I, [2013-06-07T13:35:42.015769 #5214]  INFO -- Kitchen: -----> Destroying <mod-auth-openid-ubuntu-1204>
I, [2013-06-07T13:35:42.017007 #5214]  INFO -- Kitchen: -----> Testing <mod-auth-openid-ubuntu-1204>
I, [2013-06-07T13:35:42.017314 #5214]  INFO -- Kitchen: -----> Creating <mod-auth-openid-ubuntu-1204>
I, [2013-06-07T13:36:21.723321 #5214]  INFO -- Kitchen: -----> Converging <mod-auth-openid-ubuntu-1204>
I, [2013-06-07T13:40:59.948002 #5214]  INFO -- Kitchen: -----> Setting up <mod-auth-openid-ubuntu-1204>
I, [2013-06-07T13:40:59.950763 #5214]  INFO -- Kitchen: -----> Verifying <mod-auth-openid-ubuntu-1204>
I, [2013-06-07T13:40:59.952401 #5214]  INFO -- Kitchen: -----> Destroying <mod-auth-openid-ubuntu-1204>
I, [2013-06-07T13:41:01.175466 #5214]  INFO -- Kitchen: -----> Cleaning up any prior instances of <mod-auth-openid-centos-64>
I, [2013-06-07T13:41:01.175930 #5214]  INFO -- Kitchen: -----> Destroying <mod-auth-openid-centos-64>
I, [2013-06-07T13:41:01.177272 #5214]  INFO -- Kitchen: -----> Testing <mod-auth-openid-centos-64>
I, [2013-06-07T13:41:01.177583 #5214]  INFO -- Kitchen: -----> Creating <mod-auth-openid-centos-64>
I, [2013-06-07T13:42:24.996314 #5214]  INFO -- Kitchen: -----> Converging <mod-auth-openid-centos-64>
I, [2013-06-07T13:47:24.881913 #5214]  INFO -- Kitchen: -----> Setting up <mod-auth-openid-centos-64>
I, [2013-06-07T13:47:24.884762 #5214]  INFO -- Kitchen: -----> Verifying <mod-auth-openid-centos-64>
I, [2013-06-07T13:47:24.888541 #5214]  INFO -- Kitchen: -----> Destroying <mod-auth-openid-centos-64>
I, [2013-06-07T13:47:26.741793 #5214]  INFO -- Kitchen: -----> Cleaning up any prior instances of <mod-authz-ubuntu-1204>
I, [2013-06-07T13:47:26.741919 #5214]  INFO -- Kitchen: -----> Destroying <mod-authz-ubuntu-1204>
I, [2013-06-07T13:47:26.742265 #5214]  INFO -- Kitchen: -----> Testing <mod-authz-ubuntu-1204>
I, [2013-06-07T13:47:26.742350 #5214]  INFO -- Kitchen: -----> Creating <mod-authz-ubuntu-1204>
I, [2013-06-07T13:48:12.375315 #5214]  INFO -- Kitchen: -----> Converging <mod-authz-ubuntu-1204>
I, [2013-06-07T13:51:09.721334 #5214]  INFO -- Kitchen: -----> Setting up <mod-authz-ubuntu-1204>
I, [2013-06-07T13:51:09.724661 #5214]  INFO -- Kitchen: -----> Verifying <mod-authz-ubuntu-1204>
I, [2013-06-07T13:51:09.728226 #5214]  INFO -- Kitchen: -----> Destroying <mod-authz-ubuntu-1204>
I, [2013-06-07T13:51:10.857824 #5214]  INFO -- Kitchen: -----> Cleaning up any prior instances of <mod-authz-centos-64>
I, [2013-06-07T13:51:10.858031 #5214]  INFO -- Kitchen: -----> Destroying <mod-authz-centos-64>
I, [2013-06-07T13:51:10.858902 #5214]  INFO -- Kitchen: -----> Testing <mod-authz-centos-64>
I, [2013-06-07T13:51:10.859054 #5214]  INFO -- Kitchen: -----> Creating <mod-authz-centos-64>
I, [2013-06-07T13:53:46.830655 #5214]  INFO -- Kitchen: -----> Converging <mod-authz-centos-64>
I, [2013-06-07T13:55:46.637449 #5214]  INFO -- Kitchen: -----> Setting up <mod-authz-centos-64>
I, [2013-06-07T13:55:46.640669 #5214]  INFO -- Kitchen: -----> Verifying <mod-authz-centos-64>
I, [2013-06-07T13:55:46.643918 #5214]  INFO -- Kitchen: -----> Destroying <mod-authz-centos-64>
I, [2013-06-07T13:55:47.577121 #5214]  INFO -- Kitchen: -----> Kitchen is finished. (41m0.56s)
